android/app/build/intermediates/manifest_merge_blame_file/debug/manifest-merger-blame-debug-report.txt
1<?xml version="1.0" encoding="utf-8"?>
2<manifest xmlns:android="http://schemas.android.com/apk/res/android"
3    package="com.example.home"
4    android:versionCode="1"
5    android:versionName="1.0" >
6
7    <uses-sdk
8        android:minSdkVersion="21"
9        android:targetSdkVersion="33" />
10    <!--
11         The INTERNET permission is required for development. Specifically,
12         the Flutter tool needs it to communicate with the running application
13         to allow setting breakpoints, to provide hot reload, etc.
14    -->
15    <uses-permission android:name="android.permission.INTERNET" />
15-->src\debug\AndroidManifest.xml:6:5-66
15-->src\debug\AndroidManifest.xml:6:22-64
16    <!--
17     Required to query activities that can process text, see:
18         https://developer.android.com/training/package-visibility and
19         https://developer.android.com/reference/android/content/Intent#ACTION_PROCESS_TEXT.
20
21         In particular, this is used by the Flutter engine in io.flutter.plugin.text.ProcessTextPlugin.
22    -->
23    <queries>
23-->src\main\AndroidManifest.xml:60:5-65:15
24        <intent>
24-->src\main\AndroidManifest.xml:61:9-64:18
25            <action android:name="android.intent.action.PROCESS_TEXT" />
25-->src\main\AndroidManifest.xml:62:13-72
25-->src\main\AndroidManifest.xml:62:21-70
26
27            <data android:mimeType="text/plain" />
27-->src\main\AndroidManifest.xml:63:13-50
27-->src\main\AndroidManifest.xml:63:19-48
28        </intent>
29    </queries>
30
31    <uses-permission android:name="android.permission.WAKE_LOCK" />
31-->[androidx.work:work-runtime:2.7.1] AndroidManifest.xml:25:5-68
31-->[androidx.work:work-runtime:2.7.1] AndroidManifest.xml:25:22-65
32    <uses-permission android:name="android.permission.ACCESS_NETWORK_STATE" />
32-->[androidx.work:work-runtime:2.7.1] AndroidManifest.xml:26:5-79
32-->[androidx.work:work-runtime:2.7.1] AndroidManifest.xml:26:22-76
33    <uses-permission android:name="android.permission.RECEIVE_BOOT_COMPLETED" />
33-->[androidx.work:work-runtime:2.7.1] AndroidManifest.xml:27:5-81
33-->[androidx.work:work-runtime:2.7.1] AndroidManifest.xml:27:22-78
34    <uses-permission android:name="android.permission.FOREGROUND_SERVICE" />
34-->[androidx.work:work-runtime:2.7.1] AndroidManifest.xml:28:5-77
34-->[androidx.work:work-runtime:2.7.1] AndroidManifest.xml:28:22-74
35
36    <permission
36-->[androidx.core:core:1.13.1] AndroidManifest.xml:22:5-24:47
37        android:name="com.example.home.DYNAMIC_RECEIVER_NOT_EXPORTED_PERMISSION"
37-->[androidx.core:core:1.13.1] AndroidManifest.xml:23:9-81
38        android:protectionLevel="signature" />
38-->[androidx.core:core:1.13.1] AndroidManifest.xml:24:9-44
39
40    <uses-permission android:name="com.example.home.DYNAMIC_RECEIVER_NOT_EXPORTED_PERMISSION" />
40-->[androidx.core:core:1.13.1] AndroidManifest.xml:26:5-97
40-->[androidx.core:core:1.13.1] AndroidManifest.xml:26:22-94
41
42    <application
43        android:name="android.app.Application"
44        android:appComponentFactory="androidx.core.app.CoreComponentFactory"
44-->[androidx.core:core:1.13.1] AndroidManifest.xml:28:18-86
45        android:debuggable="true"
46        android:extractNativeLibs="true"
47        android:icon="@mipmap/ic_launcher"
48        android:label="home" >
49        <activity
50            android:name="com.example.home.MainActivity"
51            android:configChanges="orientation|keyboardHidden|keyboard|screenSize|smallestScreenSize|locale|layoutDirection|fontScale|screenLayout|density|uiMode"
52            android:exported="true"
53            android:hardwareAccelerated="true"
54            android:launchMode="singleTop"
55            android:taskAffinity=""
56            android:theme="@style/LaunchTheme"
57            android:windowSoftInputMode="adjustResize" >
58
59            <!--
60                 Specifies an Android theme to apply to this Activity as soon as
61                 the Android process has started. This theme is visible to the user
62                 while the Flutter UI initializes. After that, this theme continues
63                 to determine the Window background behind the Flutter UI.
64            -->
65            <meta-data
66                android:name="io.flutter.embedding.android.NormalTheme"
67                android:resource="@style/NormalTheme" />
68
69            <intent-filter>
70                <action android:name="android.intent.action.MAIN" />
71
72                <category android:name="android.intent.category.LAUNCHER" />
73            </intent-filter>
74        </activity>
75        <!--
76             Don't delete the meta-data below.
77             This is used by the Flutter tool to generate GeneratedPluginRegistrant.java
78        -->
79        <meta-data
80            android:name="flutterEmbedding"
81            android:value="2" />
82
83        <receiver
84            android:name="com.example.home.AppWidgetProvider"
85            android:exported="true"
86            android:label="Lessons Widget" >
87            <intent-filter>
88                <action android:name="android.appwidget.action.APPWIDGET_UPDATE" />
89            </intent-filter>
90
91            <meta-data
92                android:name="android.appwidget.provider"
93                android:resource="@xml/appwidgetprovider" />
94        </receiver>
95
96        <service
97            android:name="com.example.home.MyWidgetService"
98            android:exported="false"
99            android:permission="android.permission.BIND_REMOTEVIEWS" />
100
101        <activity
101-->[androidx.glance:glance-appwidget:1.0.0] AndroidManifest.xml:23:9-27:40
102            android:name="androidx.glance.appwidget.action.ActionTrampolineActivity"
102-->[androidx.glance:glance-appwidget:1.0.0] AndroidManifest.xml:24:13-85
103            android:enabled="true"
103-->[androidx.glance:glance-appwidget:1.0.0] AndroidManifest.xml:25:13-35
104            android:excludeFromRecents="true"
104-->[androidx.glance:glance-appwidget:1.0.0] AndroidManifest.xml:26:13-46
105            android:exported="false" />
105-->[androidx.glance:glance-appwidget:1.0.0] AndroidManifest.xml:27:13-37
106        <activity
106-->[androidx.glance:glance-appwidget:1.0.0] AndroidManifest.xml:28:9-35:81
107            android:name="androidx.glance.appwidget.action.InvisibleActionTrampolineActivity"
107-->[androidx.glance:glance-appwidget:1.0.0] AndroidManifest.xml:29:13-94
108            android:enabled="true"
108-->[androidx.glance:glance-appwidget:1.0.0] AndroidManifest.xml:30:13-35
109            android:exported="false"
109-->[androidx.glance:glance-appwidget:1.0.0] AndroidManifest.xml:31:13-37
110            android:launchMode="singleInstance"
110-->[androidx.glance:glance-appwidget:1.0.0] AndroidManifest.xml:32:13-48
111            android:noHistory="true"
111-->[androidx.glance:glance-appwidget:1.0.0] AndroidManifest.xml:33:13-37
112            android:taskAffinity="androidx.glance.appwidget.ListAdapterCallbackTrampoline"
112-->[androidx.glance:glance-appwidget:1.0.0] AndroidManifest.xml:34:13-91
113            android:theme="@style/Widget.Glance.AppWidget.CallbackTrampoline" />
113-->[androidx.glance:glance-appwidget:1.0.0] AndroidManifest.xml:35:13-78
114
115        <receiver
115-->[androidx.glance:glance-appwidget:1.0.0] AndroidManifest.xml:37:9-40:40
116            android:name="androidx.glance.appwidget.action.ActionCallbackBroadcastReceiver"
116-->[androidx.glance:glance-appwidget:1.0.0] AndroidManifest.xml:38:13-92
117            android:enabled="true"
117-->[androidx.glance:glance-appwidget:1.0.0] AndroidManifest.xml:39:13-35
118            android:exported="false" />
118-->[androidx.glance:glance-appwidget:1.0.0] AndroidManifest.xml:40:13-37
119        <receiver
119-->[androidx.glance:glance-appwidget:1.0.0] AndroidManifest.xml:41:9-48:20
120            android:name="androidx.glance.appwidget.MyPackageReplacedReceiver"
120-->[androidx.glance:glance-appwidget:1.0.0] AndroidManifest.xml:42:13-79
121            android:enabled="true"
121-->[androidx.glance:glance-appwidget:1.0.0] AndroidManifest.xml:43:13-35
122            android:exported="false" >
122-->[androidx.glance:glance-appwidget:1.0.0] AndroidManifest.xml:44:13-37
123            <intent-filter>
123-->[androidx.glance:glance-appwidget:1.0.0] AndroidManifest.xml:45:13-47:29
124                <action android:name="android.intent.action.MY_PACKAGE_REPLACED" />
124-->[androidx.glance:glance-appwidget:1.0.0] AndroidManifest.xml:46:17-84
124-->[androidx.glance:glance-appwidget:1.0.0] AndroidManifest.xml:46:25-81
125            </intent-filter>
126        </receiver>
127
128        <service
128-->[androidx.glance:glance-appwidget:1.0.0] AndroidManifest.xml:50:9-53:72
129            android:name="androidx.glance.appwidget.GlanceRemoteViewsService"
129-->[androidx.glance:glance-appwidget:1.0.0] AndroidManifest.xml:51:13-78
130            android:exported="true"
130-->[androidx.glance:glance-appwidget:1.0.0] AndroidManifest.xml:52:13-36
131            android:permission="android.permission.BIND_REMOTEVIEWS" />
131-->[androidx.glance:glance-appwidget:1.0.0] AndroidManifest.xml:53:13-69
132
133        <uses-library
133-->[androidx.window:window:1.2.0] AndroidManifest.xml:23:9-25:40
134            android:name="androidx.window.extensions"
134-->[androidx.window:window:1.2.0] AndroidManifest.xml:24:13-54
135            android:required="false" />
135-->[androidx.window:window:1.2.0] AndroidManifest.xml:25:13-37
136        <uses-library
136-->[androidx.window:window:1.2.0] AndroidManifest.xml:26:9-28:40
137            android:name="androidx.window.sidecar"
137-->[androidx.window:window:1.2.0] AndroidManifest.xml:27:13-51
138            android:required="false" />
138-->[androidx.window:window:1.2.0] AndroidManifest.xml:28:13-37
139
140        <service
140-->[androidx.core:core-remoteviews:1.0.0] AndroidManifest.xml:24:9-27:63
141            android:name="androidx.core.widget.RemoteViewsCompatService"
141-->[androidx.core:core-remoteviews:1.0.0] AndroidManifest.xml:25:13-73
142            android:permission="android.permission.BIND_REMOTEVIEWS" />
142-->[androidx.core:core-remoteviews:1.0.0] AndroidManifest.xml:26:13-69
143
144        <provider
144-->[androidx.work:work-runtime:2.7.1] AndroidManifest.xml:31:9-39:20
145            android:name="androidx.startup.InitializationProvider"
145-->[androidx.work:work-runtime:2.7.1] AndroidManifest.xml:32:13-67
146            android:authorities="com.example.home.androidx-startup"
146-->[androidx.work:work-runtime:2.7.1] AndroidManifest.xml:33:13-68
147            android:exported="false" >
147-->[androidx.work:work-runtime:2.7.1] AndroidManifest.xml:34:13-37
148            <meta-data
148-->[androidx.work:work-runtime:2.7.1] AndroidManifest.xml:36:13-38:52
149                android:name="androidx.work.WorkManagerInitializer"
149-->[androidx.work:work-runtime:2.7.1] AndroidManifest.xml:37:17-68
150                android:value="androidx.startup" />
150-->[androidx.work:work-runtime:2.7.1] AndroidManifest.xml:38:17-49
151            <meta-data
151-->[androidx.lifecycle:lifecycle-process:2.7.0] AndroidManifest.xml:29:13-31:52
152                android:name="androidx.lifecycle.ProcessLifecycleInitializer"
152-->[androidx.lifecycle:lifecycle-process:2.7.0] AndroidManifest.xml:30:17-78
153                android:value="androidx.startup" />
153-->[androidx.lifecycle:lifecycle-process:2.7.0] AndroidManifest.xml:31:17-49
154            <meta-data
154-->[androidx.profileinstaller:profileinstaller:1.3.1] AndroidManifest.xml:29:13-31:52
155                android:name="androidx.profileinstaller.ProfileInstallerInitializer"
155-->[androidx.profileinstaller:profileinstaller:1.3.1] AndroidManifest.xml:30:17-85
156                android:value="androidx.startup" />
156-->[androidx.profileinstaller:profileinstaller:1.3.1] AndroidManifest.xml:31:17-49
157        </provider>
158
159        <service
159-->[androidx.work:work-runtime:2.7.1] AndroidManifest.xml:41:9-46:35
160            android:name="androidx.work.impl.background.systemalarm.SystemAlarmService"
160-->[androidx.work:work-runtime:2.7.1] AndroidManifest.xml:42:13-88
161            android:directBootAware="false"
161-->[androidx.work:work-runtime:2.7.1] AndroidManifest.xml:43:13-44
162            android:enabled="@bool/enable_system_alarm_service_default"
162-->[androidx.work:work-runtime:2.7.1] AndroidManifest.xml:44:13-72
163            android:exported="false" />
163-->[androidx.work:work-runtime:2.7.1] AndroidManifest.xml:45:13-37
164        <service
164-->[androidx.work:work-runtime:2.7.1] AndroidManifest.xml:47:9-53:35
165            android:name="androidx.work.impl.background.systemjob.SystemJobService"
165-->[androidx.work:work-runtime:2.7.1] AndroidManifest.xml:48:13-84
166            android:directBootAware="false"
166-->[androidx.work:work-runtime:2.7.1] AndroidManifest.xml:49:13-44
167            android:enabled="@bool/enable_system_job_service_default"
167-->[androidx.work:work-runtime:2.7.1] AndroidManifest.xml:50:13-70
168            android:exported="true"
168-->[androidx.work:work-runtime:2.7.1] AndroidManifest.xml:51:13-36
169            android:permission="android.permission.BIND_JOB_SERVICE" />
169-->[androidx.work:work-runtime:2.7.1] AndroidManifest.xml:52:13-69
170        <service
170-->[androidx.work:work-runtime:2.7.1] AndroidManifest.xml:54:9-59:35
171            android:name="androidx.work.impl.foreground.SystemForegroundService"
171-->[androidx.work:work-runtime:2.7.1] AndroidManifest.xml:55:13-81
172            android:directBootAware="false"
172-->[androidx.work:work-runtime:2.7.1] AndroidManifest.xml:56:13-44
173            android:enabled="@bool/enable_system_foreground_service_default"
173-->[androidx.work:work-runtime:2.7.1] AndroidManifest.xml:57:13-77
174            android:exported="false" />
174-->[androidx.work:work-runtime:2.7.1] AndroidManifest.xml:58:13-37
175
176        <receiver
176-->[androidx.work:work-runtime:2.7.1] AndroidManifest.xml:61:9-66:35
177            android:name="androidx.work.impl.utils.ForceStopRunnable$BroadcastReceiver"
177-->[androidx.work:work-runtime:2.7.1] AndroidManifest.xml:62:13-88
178            android:directBootAware="false"
178-->[androidx.work:work-runtime:2.7.1] AndroidManifest.xml:63:13-44
179            android:enabled="true"
179-->[androidx.work:work-runtime:2.7.1] AndroidManifest.xml:64:13-35
180            android:exported="false" />
180-->[androidx.work:work-runtime:2.7.1] AndroidManifest.xml:65:13-37
181        <receiver
181-->[androidx.work:work-runtime:2.7.1] AndroidManifest.xml:67:9-77:20
182            android:name="androidx.work.impl.background.systemalarm.ConstraintProxy$BatteryChargingProxy"
182-->[androidx.work:work-runtime:2.7.1] AndroidManifest.xml:68:13-106
183            android:directBootAware="false"
183-->[androidx.work:work-runtime:2.7.1] AndroidManifest.xml:69:13-44
184            android:enabled="false"
184-->[androidx.work:work-runtime:2.7.1] AndroidManifest.xml:70:13-36
185            android:exported="false" >
185-->[androidx.work:work-runtime:2.7.1] AndroidManifest.xml:71:13-37
186            <intent-filter>
186-->[androidx.work:work-runtime:2.7.1] AndroidManifest.xml:73:13-76:29
187                <action android:name="android.intent.action.ACTION_POWER_CONNECTED" />
187-->[androidx.work:work-runtime:2.7.1] AndroidManifest.xml:74:17-87
187-->[androidx.work:work-runtime:2.7.1] AndroidManifest.xml:74:25-84
188                <action android:name="android.intent.action.ACTION_POWER_DISCONNECTED" />
188-->[androidx.work:work-runtime:2.7.1] AndroidManifest.xml:75:17-90
188-->[androidx.work:work-runtime:2.7.1] AndroidManifest.xml:75:25-87
189            </intent-filter>
190        </receiver>
191        <receiver
191-->[androidx.work:work-runtime:2.7.1] AndroidManifest.xml:78:9-88:20
192            android:name="androidx.work.impl.background.systemalarm.ConstraintProxy$BatteryNotLowProxy"
192-->[androidx.work:work-runtime:2.7.1] AndroidManifest.xml:79:13-104
193            android:directBootAware="false"
193-->[androidx.work:work-runtime:2.7.1] AndroidManifest.xml:80:13-44
194            android:enabled="false"
194-->[androidx.work:work-runtime:2.7.1] AndroidManifest.xml:81:13-36
195            android:exported="false" >
195-->[androidx.work:work-runtime:2.7.1] AndroidManifest.xml:82:13-37
196            <intent-filter>
196-->[androidx.work:work-runtime:2.7.1] AndroidManifest.xml:84:13-87:29
197                <action android:name="android.intent.action.BATTERY_OKAY" />
197-->[androidx.work:work-runtime:2.7.1] AndroidManifest.xml:85:17-77
197-->[androidx.work:work-runtime:2.7.1] AndroidManifest.xml:85:25-74
198                <action android:name="android.intent.action.BATTERY_LOW" />
198-->[androidx.work:work-runtime:2.7.1] AndroidManifest.xml:86:17-76
198-->[androidx.work:work-runtime:2.7.1] AndroidManifest.xml:86:25-73
199            </intent-filter>
200        </receiver>
201        <receiver
201-->[androidx.work:work-runtime:2.7.1] AndroidManifest.xml:89:9-99:20
202            android:name="androidx.work.impl.background.systemalarm.ConstraintProxy$StorageNotLowProxy"
202-->[androidx.work:work-runtime:2.7.1] AndroidManifest.xml:90:13-104
203            android:directBootAware="false"
203-->[androidx.work:work-runtime:2.7.1] AndroidManifest.xml:91:13-44
204            android:enabled="false"
204-->[androidx.work:work-runtime:2.7.1] AndroidManifest.xml:92:13-36
205            android:exported="false" >
205-->[androidx.work:work-runtime:2.7.1] AndroidManifest.xml:93:13-37
206            <intent-filter>
206-->[androidx.work:work-runtime:2.7.1] AndroidManifest.xml:95:13-98:29
207                <action android:name="android.intent.action.DEVICE_STORAGE_LOW" />
207-->[androidx.work:work-runtime:2.7.1] AndroidManifest.xml:96:17-83
207-->[androidx.work:work-runtime:2.7.1] AndroidManifest.xml:96:25-80
208                <action android:name="android.intent.action.DEVICE_STORAGE_OK" />
208-->[androidx.work:work-runtime:2.7.1] AndroidManifest.xml:97:17-82
208-->[androidx.work:work-runtime:2.7.1] AndroidManifest.xml:97:25-79
209            </intent-filter>
210        </receiver>
211        <receiver
211-->[androidx.work:work-runtime:2.7.1] AndroidManifest.xml:100:9-109:20
212            android:name="androidx.work.impl.background.systemalarm.ConstraintProxy$NetworkStateProxy"
212-->[androidx.work:work-runtime:2.7.1] AndroidManifest.xml:101:13-103
213            android:directBootAware="false"
213-->[androidx.work:work-runtime:2.7.1] AndroidManifest.xml:102:13-44
214            android:enabled="false"
214-->[androidx.work:work-runtime:2.7.1] AndroidManifest.xml:103:13-36
215            android:exported="false" >
215-->[androidx.work:work-runtime:2.7.1] AndroidManifest.xml:104:13-37
216            <intent-filter>
216-->[androidx.work:work-runtime:2.7.1] AndroidManifest.xml:106:13-108:29
217                <action android:name="android.net.conn.CONNECTIVITY_CHANGE" />
217-->[androidx.work:work-runtime:2.7.1] AndroidManifest.xml:107:17-79
217-->[androidx.work:work-runtime:2.7.1] AndroidManifest.xml:107:25-76
218            </intent-filter>
219        </receiver>
220        <receiver
220-->[androidx.work:work-runtime:2.7.1] AndroidManifest.xml:110:9-121:20
221            android:name="androidx.work.impl.background.systemalarm.RescheduleReceiver"
221-->[androidx.work:work-runtime:2.7.1] AndroidManifest.xml:111:13-88
222            android:directBootAware="false"
222-->[androidx.work:work-runtime:2.7.1] AndroidManifest.xml:112:13-44
223            android:enabled="false"
223-->[androidx.work:work-runtime:2.7.1] AndroidManifest.xml:113:13-36
224            android:exported="false" >
224-->[androidx.work:work-runtime:2.7.1] AndroidManifest.xml:114:13-37
225            <intent-filter>
225-->[androidx.work:work-runtime:2.7.1] AndroidManifest.xml:116:13-120:29
226                <action android:name="android.intent.action.BOOT_COMPLETED" />
226-->[androidx.work:work-runtime:2.7.1] AndroidManifest.xml:117:17-79
226-->[androidx.work:work-runtime:2.7.1] AndroidManifest.xml:117:25-76
227                <action android:name="android.intent.action.TIME_SET" />
227-->[androidx.work:work-runtime:2.7.1] AndroidManifest.xml:118:17-73
227-->[androidx.work:work-runtime:2.7.1] AndroidManifest.xml:118:25-70
228                <action android:name="android.intent.action.TIMEZONE_CHANGED" />
228-->[androidx.work:work-runtime:2.7.1] AndroidManifest.xml:119:17-81
228-->[androidx.work:work-runtime:2.7.1] AndroidManifest.xml:119:25-78
229            </intent-filter>
230        </receiver>
231        <receiver
231-->[androidx.work:work-runtime:2.7.1] AndroidManifest.xml:122:9-131:20
232            android:name="androidx.work.impl.background.systemalarm.ConstraintProxyUpdateReceiver"
232-->[androidx.work:work-runtime:2.7.1] AndroidManifest.xml:123:13-99
233            android:directBootAware="false"
233-->[androidx.work:work-runtime:2.7.1] AndroidManifest.xml:124:13-44
234            android:enabled="@bool/enable_system_alarm_service_default"
234-->[androidx.work:work-runtime:2.7.1] AndroidManifest.xml:125:13-72
235            android:exported="false" >
235-->[androidx.work:work-runtime:2.7.1] AndroidManifest.xml:126:13-37
236            <intent-filter>
236-->[androidx.work:work-runtime:2.7.1] AndroidManifest.xml:128:13-130:29
237                <action android:name="androidx.work.impl.background.systemalarm.UpdateProxies" />
237-->[androidx.work:work-runtime:2.7.1] AndroidManifest.xml:129:17-98
237-->[androidx.work:work-runtime:2.7.1] AndroidManifest.xml:129:25-95
238            </intent-filter>
239        </receiver>
240        <receiver
240-->[androidx.work:work-runtime:2.7.1] AndroidManifest.xml:132:9-142:20
241            android:name="androidx.work.impl.diagnostics.DiagnosticsReceiver"
241-->[androidx.work:work-runtime:2.7.1] AndroidManifest.xml:133:13-78
242            android:directBootAware="false"
242-->[androidx.work:work-runtime:2.7.1] AndroidManifest.xml:134:13-44
243            android:enabled="true"
243-->[androidx.work:work-runtime:2.7.1] AndroidManifest.xml:135:13-35
244            android:exported="true"
244-->[androidx.work:work-runtime:2.7.1] AndroidManifest.xml:136:13-36
245            android:permission="android.permission.DUMP" >
245-->[androidx.work:work-runtime:2.7.1] AndroidManifest.xml:137:13-57
246            <intent-filter>
246-->[androidx.work:work-runtime:2.7.1] AndroidManifest.xml:139:13-141:29
247                <action android:name="androidx.work.diagnostics.REQUEST_DIAGNOSTICS" />
247-->[androidx.work:work-runtime:2.7.1] AndroidManifest.xml:140:17-88
247-->[androidx.work:work-runtime:2.7.1] AndroidManifest.xml:140:25-85
248            </intent-filter>
249        </receiver>
250        <receiver
250-->[androidx.profileinstaller:profileinstaller:1.3.1] AndroidManifest.xml:34:9-52:20
251            android:name="androidx.profileinstaller.ProfileInstallReceiver"
251-->[androidx.profileinstaller:profileinstaller:1.3.1] AndroidManifest.xml:35:13-76
252            android:directBootAware="false"
252-->[androidx.profileinstaller:profileinstaller:1.3.1] AndroidManifest.xml:36:13-44
253            android:enabled="true"
253-->[androidx.profileinstaller:profileinstaller:1.3.1] AndroidManifest.xml:37:13-35
254            android:exported="true"
254-->[androidx.profileinstaller:profileinstaller:1.3.1] AndroidManifest.xml:38:13-36
255            android:permission="android.permission.DUMP" >
255-->[androidx.profileinstaller:profileinstaller:1.3.1] AndroidManifest.xml:39:13-57
256            <intent-filter>
256-->[androidx.profileinstaller:profileinstaller:1.3.1] AndroidManifest.xml:40:13-42:29
257                <action android:name="androidx.profileinstaller.action.INSTALL_PROFILE" />
257-->[androidx.profileinstaller:profileinstaller:1.3.1] AndroidManifest.xml:41:17-91
257-->[androidx.profileinstaller:profileinstaller:1.3.1] AndroidManifest.xml:41:25-88
258            </intent-filter>
259            <intent-filter>
259-->[androidx.profileinstaller:profileinstaller:1.3.1] AndroidManifest.xml:43:13-45:29
260                <action android:name="androidx.profileinstaller.action.SKIP_FILE" />
260-->[androidx.profileinstaller:profileinstaller:1.3.1] AndroidManifest.xml:44:17-85
260-->[androidx.profileinstaller:profileinstaller:1.3.1] AndroidManifest.xml:44:25-82
261            </intent-filter>
262            <intent-filter>
262-->[androidx.profileinstaller:profileinstaller:1.3.1] AndroidManifest.xml:46:13-48:29
263                <action android:name="androidx.profileinstaller.action.SAVE_PROFILE" />
263-->[androidx.profileinstaller:profileinstaller:1.3.1] AndroidManifest.xml:47:17-88
263-->[androidx.profileinstaller:profileinstaller:1.3.1] AndroidManifest.xml:47:25-85
264            </intent-filter>
265            <intent-filter>
265-->[androidx.profileinstaller:profileinstaller:1.3.1] AndroidManifest.xml:49:13-51:29
266                <action android:name="androidx.profileinstaller.action.BENCHMARK_OPERATION" />
266-->[androidx.profileinstaller:profileinstaller:1.3.1] AndroidManifest.xml:50:17-95
266-->[androidx.profileinstaller:profileinstaller:1.3.1] AndroidManifest.xml:50:25-92
267            </intent-filter>
268        </receiver>
269
270        <service
270-->[androidx.room:room-runtime:2.2.5] AndroidManifest.xml:25:9-28:40
271            android:name="androidx.room.MultiInstanceInvalidationService"
271-->[androidx.room:room-runtime:2.2.5] AndroidManifest.xml:26:13-74
272            android:directBootAware="true"
272-->[androidx.room:room-runtime:2.2.5] AndroidManifest.xml:27:13-43
273            android:exported="false" />
273-->[androidx.room:room-runtime:2.2.5] AndroidManifest.xml:28:13-37
274    </application>
275
276</manifest>